<?xml version="1.0" encoding="UTF-8"?>
<!-- Generated by org.testng.reporters.JUnitReportReporter -->
<testsuite skipped="0" hostname="Sumit" name="testFunc.StringMan" tests="2" failures="0" timestamp="25 Sep 2018 14:19:22 GMT" time="0.016" errors="0">
  <testcase name="start_Testing" time="0.016" classname="testFunc.StringMan"/>
  <testcase name="executeKeywords" time="0.000" classname="testFunc.StringMan"/>
</testsuite> <!-- testFunc.StringMan -->
