<?xml version="1.0" encoding="UTF-8"?>
<!-- Generated by org.testng.reporters.JUnitReportReporter -->
<testsuite skipped="0" hostname="DIN49000331" name="testFunc.SearchOps" tests="2" failures="0" timestamp="28 Sep 2018 05:46:50 GMT" time="0.007" errors="0">
  <testcase name="checkIf" time="0.001" classname="testFunc.SearchOps"/>
  <testcase name="checkAfter" time="0.006" classname="testFunc.SearchOps"/>
</testsuite> <!-- testFunc.SearchOps -->
